<?xml version="1.0" encoding="UTF-8"?>
<testng-results skipped="0" failed="0" total="1" passed="1">
  <reporter-output>
  </reporter-output>
  <suite name="TestAll" duration-ms="7641" started-at="2018-01-24T22:36:27Z" finished-at="2018-01-24T22:36:35Z">
    <groups>
    </groups>
    <test name="Regression Suite" duration-ms="7641" started-at="2018-01-24T22:36:27Z" finished-at="2018-01-24T22:36:35Z">
      <class name="test.testcases.PaintCalculatorTest">
        <test-method status="PASS" signature="verifyPaintCalculator(java.lang.String, java.lang.String)[pri:0, instance:test.testcases.PaintCalculatorTest@282ba1e]" name="verifyPaintCalculator" duration-ms="7640" started-at="2018-01-24T16:36:27Z" finished-at="2018-01-24T16:36:35Z">
          <params>
            <param index="0">
              <value>
                <![CDATA[chrome]]>
              </value>
            </param>
            <param index="1">
              <value>
                <![CDATA[http://127.0.0.1:5000/]]>
              </value>
            </param>
          </params>
          <reporter-output>
          </reporter-output>
        </test-method> <!-- verifyPaintCalculator -->
      </class> <!-- test.testcases.PaintCalculatorTest -->
    </test> <!-- Regression Suite -->
  </suite> <!-- TestAll -->
</testng-results>
